2022-05-05 14:22:30,634 [INFO] 

Being edited by - ellie
2022-05-05 14:22:30,636 [INFO] The following changes are being made 
   ECC    IDC S/N  Cabinet Qty  MMEX  VDR
0  Yes  H532G070S           19     8  0.0
2022-05-05 14:23:04,395 [INFO] 

Being edited by - ellie
2022-05-05 14:23:04,397 [INFO] The following changes are being made 
   ECC    IDC S/N  Cabinet Qty  MMEX  VDR
0  Yes  H532G070S           19     8  0.0
2022-05-05 14:23:32,893 [INFO] 

Being edited by - ellie
2022-05-05 14:23:32,895 [INFO] The following changes are being made 
   ECC    IDC S/N  Cabinet Qty  MMEX  VDR
0  Yes  H532G070S           19     8  0.0
2022-05-05 14:23:32,897 [INFO] The following changes have been made 
   ECC    IDC S/N  Cabinet Qty  MMEX  VDR
0  Yes  H532G070S           19     8  0.0
2022-05-05 14:23:43,154 [INFO] 

Being edited by - ellie
2022-05-05 14:23:43,156 [INFO] The following changes are being made 
   ECC    IDC S/N  Cabinet Qty  MMEX  VDR
0  Yes  H532G070S           19     8  0.0
2022-05-05 14:23:43,158 [INFO] The following changes have been made 
   ECC    IDC S/N  Cabinet Qty  MMEX  VDR
0  Yes  H532G070S           19     8  0.0
2022-05-05 14:24:21,988 [INFO] 

Being edited by - ellie
2022-05-05 14:24:21,990 [INFO] The following changes are being made 
   ECC    IDC S/N  Cabinet Qty  MMEX  VDR
0  Yes  H532G070S           19     8  0.0
2022-05-05 14:24:21,994 [INFO] The following changes have been made 
   ECC    IDC S/N  Cabinet Qty  MMEX  VDR
0  Yes  H532G070S           19     8  0.0
2022-05-05 14:27:37,691 [INFO] 

Being edited by - ellie
2022-05-05 14:27:37,695 [INFO] The following changes are being made 
   ECC    IDC S/N  Cabinet Qty  MMEX  VDR
0  Yes  H532G070S           19     8  0.0
2022-05-05 14:27:37,697 [INFO] The following changes have been made 
   ECC    IDC S/N  Cabinet Qty  MMEX  VDR
0  Yes  H532G070S           19     8  0.0
2022-05-05 14:27:56,171 [INFO] 

Being edited by - ellie
2022-05-05 14:27:56,173 [INFO] The following changes are being made 
   ECC    IDC S/N  Cabinet Qty  MMEX  VDR
0  Yes  H532G070S           19     8  0.0
2022-05-05 14:27:56,177 [INFO] The following changes have been made 
   ECC    IDC S/N  Cabinet Qty  MMEX  VDR
0  Yes  H532G070S           19     8  0.0
2022-05-05 14:28:52,671 [INFO] 

Being edited by - ellie
2022-05-05 14:28:52,673 [INFO] The following changes are being made 
   ECC    IDC S/N  Cabinet Qty  MMEX  VDR
0  Yes  H532G070S           19     8  0.0
2022-05-05 14:28:52,675 [INFO] The following changes have been made 
   ECC    IDC S/N  Cabinet Qty  MMEX  VDR
0  Yes  H532G070S           19     8  0.0
2022-05-05 14:30:46,309 [INFO] 

Being edited by - ellie
2022-05-05 14:30:46,312 [INFO] The following changes are being made 
   ECC    IDC S/N  Cabinet Qty  MMEX  VDR
0  Yes  H532G070S           19     8  0.0
2022-05-05 14:30:46,314 [INFO] The following changes have been made 
   ECC    IDC S/N  Cabinet Qty  MMEX  VDR
0  Yes  H532G070S           19     8  0.0
2022-05-05 15:09:09,745 [INFO] 

Being edited by - ellie
2022-05-05 15:09:09,747 [INFO] The following changes are being made 
   ECC    IDC S/N  Cabinet Qty  MMEX  VDR
0  Yes  H532G070S           19     8  0.0
2022-05-05 15:09:09,749 [INFO] current amount in cabinet is - 0    19
Name: Cabinet Qty, dtype: int64
2022-05-05 15:09:09,749 [INFO] The following changes have been made 
   ECC    IDC S/N  Cabinet Qty  MMEX  VDR
0  Yes  H532G070S           19     8  0.0
2022-05-05 15:10:14,247 [INFO] 

Being edited by - ellie
2022-05-05 15:10:14,249 [INFO] The following changes are being made 
   ECC    IDC S/N  Cabinet Qty  MMEX  VDR
0  Yes  H532G070S           19     8  0.0
2022-05-05 15:10:14,251 [INFO] current amount in cabinet is - 0    19
Name: Cabinet Qty, dtype: int64
2022-05-05 15:10:14,253 [INFO] The following changes have been made 
   ECC    IDC S/N  Cabinet Qty  MMEX  VDR
0  Yes  H532G070S           19     8  0.0
2022-05-05 15:10:24,009 [INFO] 

Being edited by - ellie
2022-05-05 15:10:24,011 [INFO] The following changes are being made 
   ECC    IDC S/N  Cabinet Qty  MMEX  VDR
0  Yes  H532G070S           19     8  0.0
2022-05-05 15:10:24,015 [INFO] current amount in cabinet is - 0    19
Name: Cabinet Qty, dtype: int64
2022-05-05 15:10:24,015 [INFO] The following changes have been made 
   ECC    IDC S/N  Cabinet Qty  MMEX  VDR
0  Yes  H532G070S           19     8  0.0
2022-05-05 15:11:53,505 [INFO] 

Being edited by - ellie
2022-05-05 15:11:53,507 [INFO] The following changes are being made 
   ECC    IDC S/N  Cabinet Qty  MMEX  VDR
0  Yes  H532G070S           19     8  0.0
2022-05-05 15:11:53,509 [INFO] current amount in cabinet is - 19
2022-05-05 15:11:53,511 [INFO] The following changes have been made 
0    14
Name: Cabinet Qty, dtype: int64
2022-05-05 15:13:23,969 [INFO] 

Being edited by - ellie
2022-05-05 15:13:23,971 [INFO] The following changes are being made 
   ECC    IDC S/N  Cabinet Qty  MMEX  VDR
0  Yes  H532G070S           19     8  0.0
2022-05-05 15:13:23,973 [INFO] current amount in cabinet is - 19
2022-05-05 15:13:23,973 [INFO] The following changes have been made 
0    14
Name: Cabinet Qty, dtype: int64
2022-05-05 15:13:38,951 [INFO] 

Being edited by - ellie
2022-05-05 15:13:38,953 [INFO] The following changes are being made 
   ECC    IDC S/N  Cabinet Qty  MMEX  VDR
0  Yes  H532G070S           19     8  0.0
2022-05-05 15:13:38,955 [INFO] current amount in cabinet is - 19
2022-05-05 15:13:38,955 [INFO] The following changes have been made 
0    14
Name: Cabinet Qty, dtype: int64
2022-05-05 15:13:45,467 [INFO] 

Being edited by - ellie
2022-05-05 15:13:45,469 [INFO] The following changes are being made 
   ECC    IDC S/N  Cabinet Qty  MMEX  VDR
0  Yes  H532G070S           19     8  0.0
2022-05-05 15:13:45,471 [INFO] current amount in cabinet is - 19
2022-05-05 15:13:45,471 [INFO] The following changes have been made 
0    14
Name: Cabinet Qty, dtype: int64
2022-05-05 15:13:59,389 [INFO] 

Being edited by - ellie
2022-05-05 15:13:59,391 [INFO] current amount in cabinet is - 19
2022-05-05 15:13:59,391 [INFO] The following changes have been made 
0    14
Name: Cabinet Qty, dtype: int64
2022-05-05 15:14:23,878 [INFO] 

Being edited by - ellie
2022-05-05 15:14:23,880 [INFO] The following changes are being made 
   ECC    IDC S/N  Cabinet Qty  MMEX  VDR
0  Yes  H532G070S           19     8  0.0
2022-05-05 15:14:23,882 [INFO] current amount in cabinet is - 19
2022-05-05 15:14:31,308 [INFO] 

Being edited by - ellie
2022-05-05 15:14:31,310 [INFO] The following changes are being made 
   ECC    IDC S/N  Cabinet Qty  MMEX  VDR
0  Yes  H532G070S           19     8  0.0
2022-05-05 15:14:31,312 [INFO] current amount in cabinet is - 19
2022-05-05 15:17:51,057 [INFO] 

Being edited by - ellie
2022-05-05 15:17:51,059 [INFO] The following changes are being made 
   ECC    IDC S/N  Cabinet Qty  MMEX  VDR
0  Yes  H532G070S           19     8  0.0
2022-05-05 15:17:51,061 [INFO] current amount in cabinet is - 19
2022-05-05 15:21:26,113 [INFO] 

Being edited by - ellie
2022-05-05 15:21:26,117 [INFO] The following changes are being made 
   ECC    IDC S/N  Cabinet Qty  MMEX  VDR
0  Yes  H532G070S           19     8  0.0
2022-05-05 15:21:26,119 [INFO] current amount in cabinet is - 19
2022-05-05 15:21:58,658 [INFO] 

Being edited by - ellie
2022-05-05 15:21:58,660 [INFO] The following changes are being made 
   ECC    IDC S/N  Cabinet Qty  MMEX  VDR
0  Yes  H532G070S           19     8  0.0
2022-05-05 15:21:58,662 [INFO] current amount in cabinet is - 19
2022-05-05 15:22:47,600 [INFO] 

Being edited by - ellie
2022-05-05 15:22:47,604 [INFO] The following changes are being made 
   ECC    IDC S/N  Cabinet Qty  MMEX  VDR
0  Yes  H532G070S           19     8  0.0
2022-05-05 15:22:47,606 [INFO] current amount in cabinet is - 19
2022-05-05 15:22:59,697 [INFO] 

Being edited by - ellie
2022-05-05 15:22:59,699 [INFO] The following changes are being made 
   ECC    IDC S/N  Cabinet Qty  MMEX  VDR
0  Yes  H532G070S           19     8  0.0
2022-05-05 15:23:42,797 [INFO] 

Being edited by - ellie
2022-05-05 15:23:42,803 [INFO] The following changes are being made 
   ECC    IDC S/N  Cabinet Qty  MMEX  VDR
0  Yes  H532G070S           19     8  0.0
2022-05-05 15:25:04,464 [INFO] 

Being edited by - ellie
2022-05-05 15:25:04,466 [INFO] The following changes are being made 
   ECC    IDC S/N  Cabinet Qty  MMEX  VDR
0  Yes  H532G070S           19     8  0.0
2022-05-05 15:25:37,462 [INFO] 

Being edited by - ellie
2022-05-05 15:25:37,464 [INFO] The following changes are being made 
   ECC    IDC S/N  Cabinet Qty  MMEX  VDR
0  Yes  H532G070S           19     8  0.0
2022-05-05 15:25:50,922 [INFO] 

Being edited by - ellie
2022-05-05 15:25:50,924 [INFO] The following changes are being made 
   ECC    IDC S/N  Cabinet Qty  MMEX  VDR
0  Yes  H532G070S           19     8  0.0
2022-05-05 15:26:17,261 [INFO] 

Being edited by - ellie
2022-05-05 15:26:17,265 [INFO] The following changes are being made 
   ECC    IDC S/N  Cabinet Qty  MMEX  VDR
0  Yes  H532G070S           19     8  0.0
2022-05-05 15:26:17,267 [INFO] The following changes have been made 
   ECC    IDC S/N  Cabinet Qty  MMEX  VDR
0  Yes  H532G070S           24     8  0.0
2022-05-05 15:27:17,238 [INFO] 

Being edited by - ellie
2022-05-05 15:27:17,240 [INFO] The following changes are being made 
   ECC    IDC S/N  Cabinet Qty  MMEX  VDR
0  Yes  H532G070S           19     8  0.0
2022-05-05 15:27:17,242 [INFO] The following changes have been made 
   ECC    IDC S/N  Cabinet Qty  MMEX  VDR
0  Yes  H532G070S          -13     8  0.0
2022-05-05 15:28:07,811 [INFO] 

Being edited by - ellie
2022-05-05 15:28:07,813 [INFO] The following changes are being made 
   ECC    IDC S/N  Cabinet Qty  MMEX  VDR
0  Yes  H532G070S           19     8  0.0
2022-05-05 15:28:41,792 [INFO] 

Being edited by - ellie
2022-05-05 15:28:41,794 [INFO] The following changes are being made 
   ECC    IDC S/N  Cabinet Qty  MMEX  VDR
0  Yes  H532G070S           19     8    0
2022-05-05 15:29:06,358 [INFO] 

Being edited by - ellie
2022-05-05 15:29:06,360 [INFO] The following changes are being made 
   ECC    IDC S/N  Cabinet Qty  MMEX  VDR
0  Yes  H532G070S           19     8  0.0
2022-05-05 15:29:06,362 [INFO] The following changes have been made 
   ECC    IDC S/N  Cabinet Qty  MMEX  VDR
0  Yes  H532G070S          -13     8  0.0
2022-05-05 15:29:27,150 [INFO] 

Being edited by - ellie
2022-05-05 15:29:27,154 [INFO] The following changes are being made 
   ECC    IDC S/N  Cabinet Qty  MMEX  VDR
0  Yes  H532G070S           19     8  0.0
2022-05-05 15:29:27,156 [INFO] The following changes have been made 
   ECC    IDC S/N  Cabinet Qty  MMEX  VDR
0  Yes  H532G070S           14     8  0.0
2022-05-05 15:29:44,218 [INFO] 

Being edited by - ellie
2022-05-05 15:29:44,220 [INFO] The following changes are being made 
   ECC    IDC S/N  Cabinet Qty  MMEX  VDR
0  Yes  H532G070S           19     8  0.0
2022-05-05 15:29:44,222 [INFO] The following changes have been made 
   ECC    IDC S/N  Cabinet Qty  MMEX  VDR
0  Yes  H532G070S           24     3  0.0
2022-05-05 15:34:08,748 [INFO] 

Being edited by - ellie
2022-05-05 15:34:08,751 [INFO] The following changes are being made 
   ECC    IDC S/N  Cabinet Qty  MMEX  VDR
0  Yes  H532G070S           19     8  0.0
2022-05-05 15:34:08,753 [INFO] The following changes have been made 
   ECC    IDC S/N  Cabinet Qty  MMEX  VDR
0  Yes  H532G070S           24     3  0.0
2022-05-05 15:34:16,165 [INFO] 

Being edited by - ellie
2022-05-05 15:34:16,167 [INFO] The following changes are being made 
   ECC    IDC S/N  Cabinet Qty  MMEX  VDR
0  Yes  H532G070S           19     8  0.0
2022-05-05 15:34:16,171 [INFO] The following changes have been made 
   ECC    IDC S/N  Cabinet Qty  MMEX  VDR
0  Yes  H532G070S          907  -880  0.0
2022-05-05 15:34:33,182 [INFO] 

Being edited by - ellie
2022-05-05 15:34:33,184 [INFO] The following changes are being made 
   ECC    IDC S/N  Cabinet Qty  MMEX  VDR
0  Yes  H532G070S           19     8  0.0
2022-05-05 15:34:47,177 [INFO] 

Being edited by - ellie
2022-05-05 15:34:47,179 [INFO] The following changes are being made 
   ECC    IDC S/N  Cabinet Qty  MMEX  VDR
0  Yes  H532G070S           19     8  0.0
2022-05-05 15:34:47,183 [INFO] The following changes have been made 
   ECC    IDC S/N  Cabinet Qty  MMEX  VDR
0  Yes  H532G070S           17    10  0.0
2022-05-05 15:35:27,716 [INFO] 

Being edited by - ellie
2022-05-05 15:35:27,718 [INFO] The following changes are being made 
   ECC    IDC S/N  Cabinet Qty  MMEX  VDR
0  Yes  H532G070S           19     8  0.0
2022-05-05 15:35:27,722 [INFO] The following changes have been made 
   ECC    IDC S/N  Cabinet Qty  MMEX  VDR
0  Yes  H532G070S           17    10  0.0
2022-05-05 15:35:36,251 [INFO] 

Being edited by - ellie
2022-05-05 15:35:36,253 [INFO] The following changes are being made 
   ECC    IDC S/N  Cabinet Qty  MMEX  VDR
0  Yes  H532G070S           19     8  0.0
2022-05-05 15:35:36,255 [INFO] The following changes have been made 
   ECC    IDC S/N  Cabinet Qty  MMEX  VDR
0  Yes  H532G070S           11    16  0.0
2022-05-05 15:37:20,258 [INFO] 

Being edited by - ellie
2022-05-05 15:37:20,260 [INFO] The following changes are being made 
   ECC    IDC S/N  Cabinet Qty  MMEX  VDR
0  Yes  H532G070S           19     8  0.0
2022-05-05 15:37:20,264 [INFO] The following changes have been made 
   ECC    IDC S/N  Cabinet Qty  MMEX  VDR
0  Yes  H532G070S           11    16  0.0
2022-05-05 15:38:39,398 [INFO] 

Being edited by - ellie
2022-05-05 15:38:39,400 [INFO] The following changes are being made 
DDR5 SODIMM
   ECC    IDC S/N  Cabinet Qty  MMEX  VDR
0  Yes  H532G070S           19     8  0.0
2022-05-05 15:38:39,404 [INFO] The following changes have been made 
   ECC    IDC S/N  Cabinet Qty  MMEX  VDR
0  Yes  H532G070S           18     9  0.0
2022-05-05 15:40:30,991 [INFO] 

Being edited by - ellie
2022-05-05 15:40:30,993 [INFO] The following changes are being made in sheet - DDR5 SODIMM
   ECC    IDC S/N  Cabinet Qty  MMEX  VDR
0  Yes  H532G070S           19     8  0.0
2022-05-05 15:40:30,997 [INFO] The following changes have been made 
   ECC    IDC S/N  Cabinet Qty  MMEX  VDR
0  Yes  H532G070S           18     9  0.0
2022-05-05 15:41:03,981 [INFO] 

Being edited by - ellie
2022-05-05 15:41:03,983 [INFO] The following changes are being made in sheet - DDR5 SODIMM
   ECC    IDC S/N  Cabinet Qty  MMEX  VDR
0  Yes  H532G070S           19     8  0.0
2022-05-05 15:41:03,987 [INFO] 
The following changes have been made 
   ECC    IDC S/N  Cabinet Qty  MMEX  VDR
0  Yes  H532G070S           18     9  0.0
2022-05-05 15:41:29,113 [INFO] 

Being edited by - ellie
2022-05-05 15:41:29,115 [INFO] The following changes are being made in sheet - DDR5 SODIMM
   ECC    IDC S/N  Cabinet Qty  MMEX  VDR
0  Yes  H532G070S           19     8  0.0
2022-05-05 15:41:29,119 [INFO] The following changes have been made 
   ECC    IDC S/N  Cabinet Qty  MMEX  VDR
0  Yes  H532G070S           18     9  0.0
2022-05-05 15:48:14,359 [INFO] 

Being edited by - ellie
2022-05-05 15:48:14,361 [INFO] The following changes are being made in sheet - DDR5 SODIMM
   ECC    IDC S/N  Cabinet Qty  MMEX  VDR
0  Yes  H532G070S           19     8  0.0
2022-05-05 15:48:14,367 [INFO] The following changes have been made 
   ECC    IDC S/N  Cabinet Qty  MMEX  VDR
0  Yes  H532G070S           18     9  0.0
2022-05-05 15:50:25,361 [INFO] 

Being edited by - ellie
2022-05-05 15:50:25,365 [INFO] The following changes are being made in sheet - DDR5 SODIMM
   ECC    IDC S/N  Cabinet Qty  MMEX  VDR
0  Yes  H532G070S           19     8  0.0
2022-05-05 15:51:39,850 [INFO] 

Being edited by - ellie
2022-05-05 15:51:39,853 [INFO] The following changes are being made in sheet - DDR5 SODIMM
   ECC    IDC S/N  Cabinet Qty  MMEX  VDR
0  Yes  H532G070S           19     8  0.0
2022-05-05 15:51:39,873 [INFO] The following changes have been made 
   ECC    IDC S/N  Cabinet Qty  MMEX  VDR
0  Yes  H532G070S           18     9  0.0
2022-05-05 15:51:56,642 [INFO] 

Being edited by - ellie
2022-05-05 15:51:56,644 [INFO] The following changes are being made in sheet - DDR5 SODIMM
  ECC    IDC S/N  Cabinet Qty  MMEX  VDR
0  No  M508G072S           19     0  0.0
2022-05-05 15:52:22,383 [INFO] 

Being edited by - ellie
2022-05-05 15:52:22,385 [INFO] The following changes are being made in sheet - DDR5 SODIMM
  ECC    IDC S/N  Cabinet Qty  MMEX  VDR
0  No  M508G072S           19     0  0.0
2022-05-05 15:52:26,296 [INFO] 

Being edited by - ellie
2022-05-05 15:52:26,298 [INFO] The following changes are being made in sheet - DDR5 SODIMM
  ECC    IDC S/N  Cabinet Qty  MMEX  VDR
0  No  M508G072S           19     0  0.0
2022-05-05 15:52:55,686 [INFO] 

Being edited by - ellie
2022-05-05 15:52:55,688 [INFO] The following changes are being made in sheet - DDR5 SODIMM
  ECC    IDC S/N  Cabinet Qty  MMEX  VDR
0  No  M508G072S           19     0  0.0
2022-05-05 15:53:02,279 [INFO] 

Being edited by - ellie
2022-05-05 15:53:02,281 [INFO] The following changes are being made in sheet - DDR5 SODIMM
  ECC    IDC S/N  Cabinet Qty  MMEX  VDR
0  No  M508G072S           19     0  0.0
2022-05-05 15:53:02,299 [INFO] The following changes have been made 
  ECC    IDC S/N  Cabinet Qty  MMEX  VDR
0  No  M508G072S           18     1  0.0
2022-05-05 15:53:32,957 [INFO] 

Being edited by - ellie
2022-05-05 15:53:32,959 [INFO] The following changes are being made in sheet - DDR5 SODIMM
  ECC    IDC S/N  Cabinet Qty  MMEX  VDR
0  No  M508G072S           19     0  0.0
2022-05-05 15:53:32,980 [INFO] The following changes have been made 
  ECC    IDC S/N  Cabinet Qty  MMEX  VDR
0  No  M508G072S           14     5  0.0
2022-05-05 16:06:13,278 [INFO] 

Being edited by - ellie
2022-05-05 16:06:13,280 [INFO] The following changes are being made in sheet - DDR5 SODIMM
   ECC    IDC S/N  Cabinet Qty  MMEX  VDR
0  Yes  H532G070S           19     8  0.0
2022-05-05 16:38:24,507 [INFO] 

Being edited by - ellie
2022-05-05 16:38:24,509 [INFO] The following changes are being made in sheet - DDR5 SODIMM
   ECC    IDC S/N  Cabinet Qty  MMEX  VDR
0  Yes  H532G070S           19     8  0.0
2022-05-05 16:38:24,511 [INFO] The following changes have been made 
   ECC    IDC S/N  Cabinet Qty  MMEX  VDR
0  Yes  H532G070S           14    13  0.0
2022-05-05 16:38:29,789 [INFO] 

Being edited by - ellie
2022-05-05 16:38:29,791 [INFO] The following changes are being made in sheet - DDR5 SODIMM
   ECC    IDC S/N  Cabinet Qty  MMEX  VDR
0  Yes  H532G070S           19     8  0.0
2022-05-05 16:38:29,795 [INFO] The following changes have been made 
   ECC    IDC S/N  Cabinet Qty  MMEX  VDR
0  Yes  H532G070S           14    13  0.0
2022-05-05 16:38:41,712 [INFO] 

Being edited by - ellie
2022-05-05 16:38:41,714 [INFO] The following changes are being made in sheet - DDR5 SODIMM
   ECC    IDC S/N  Cabinet Qty  MMEX  VDR
0  Yes  H532G070S           19     8  0.0
2022-05-05 16:40:20,519 [INFO] 

Being edited by - ellie
2022-05-05 16:40:20,523 [INFO] The following changes are being made in sheet - DDR5 SODIMM
   ECC    IDC S/N  Cabinet Qty  MMEX  VDR
0  Yes  H532G070S           19     8  0.0
2022-05-05 16:45:17,896 [INFO] 

Being edited by - ellie
2022-05-05 16:45:17,900 [INFO] The following changes are being made in sheet - DDR5 SODIMM
   ECC    IDC S/N  Cabinet Qty  MMEX  VDR
0  Yes  H532G070S           19     8  0.0
2022-05-05 16:45:17,902 [INFO] The following changes have been made 
   ECC    IDC S/N  Cabinet Qty  MMEX  VDR
0  Yes  H532G070S           24     3  0.0
2022-05-05 17:01:51,989 [INFO] 

Being edited by - ellie
2022-05-05 17:01:51,991 [INFO] The following changes are being made in sheet - DDR5 SODIMM
   ECC    IDC S/N  Cabinet Qty  MMEX  VDR
0  Yes  H532G070S           19     8  0.0
2022-05-05 17:01:55,608 [INFO] The following changes have been made 
   ECC    IDC S/N  Cabinet Qty  MMEX  VDR
0  Yes  H532G070S           24     3  0.0
2022-05-05 17:06:59,846 [INFO] 

Being edited by - ellie
2022-05-05 17:06:59,848 [INFO] The following changes are being made in sheet - DDR5 SODIMM
   ECC    IDC S/N  Cabinet Qty  MMEX  VDR
0  Yes  H532G070S           19     8  0.0
2022-05-05 17:07:49,652 [INFO] 

Being edited by - ellie
2022-05-05 17:07:49,654 [INFO] The following changes are being made in sheet - DDR5 SODIMM
   ECC    IDC S/N  Cabinet Qty  MMEX  VDR
0  Yes  H532G070S           19     8  0.0
2022-05-05 17:09:52,267 [INFO] 

Being edited by - ellie
2022-05-05 17:09:52,269 [INFO] The following changes are being made in sheet - DDR5 SODIMM
   ECC    IDC S/N  Cabinet Qty  MMEX  VDR
0  Yes  H532G070S           19     8  0.0
2022-05-05 17:09:56,042 [INFO] The following changes have been made 
   ECC    IDC S/N  Cabinet Qty  MMEX  VDR
0  Yes  H532G070S           24     3  0.0
2022-05-05 17:09:56,996 [INFO] 

Being edited by - ellie
2022-05-05 17:09:56,998 [INFO] The following changes are being made in sheet - NEW SHEET
   ECC    IDC S/N  Cabinet Qty  MMEX  VDR
0  Yes  H532G070S           24     3    0
2022-05-05 17:10:00,717 [INFO] The following changes have been made 
   ECC    IDC S/N  Cabinet Qty  MMEX  VDR
0  Yes  H532G070S           29    -2    0
2022-05-05 17:35:31,943 [INFO] 

Being edited by - ellie
2022-05-05 17:35:31,945 [INFO] The following changes are being made in sheet - DDR5 SODIMM
   ECC    IDC S/N Cabinet Qty MMEX  VDR
0  Yes  H532G070S          24    3    0
2022-05-05 17:35:41,117 [INFO] 

Being edited by - ellie
2022-05-05 17:35:41,119 [INFO] The following changes are being made in sheet - DDR5 SODIMM
   ECC    IDC S/N Cabinet Qty MMEX  VDR
0  Yes  H532G070S          24    3    0
2022-05-05 17:35:44,903 [INFO] The following changes have been made 
   ECC    IDC S/N Cabinet Qty MMEX  VDR
0  Yes  H532G070S          19    8    0
2022-05-25 21:13:37,555 [INFO] Being edited by - zenmy
2022-05-25 21:13:37,556 [INFO] The following changes are being made in sheet - DDR5 UDIMM

+------------+-----------+---------+------+-----+-----+
|   Sheets   |   Memory  | Cabinet | MMEX | VDR | ECC |
+------------+-----------+---------+------+-----+-----+
| DDR5 UDIMM | S508G070U |    11   |  1   |  2  |  No |
+------------+-----------+---------+------+-----+-----+

2022-05-25 21:13:43,228 [INFO] The following changes have been made in
+------------+-----------+---------+------+-----+-----+
|   Sheets   |   Memory  | Cabinet | MMEX | VDR | ECC |
+------------+-----------+---------+------+-----+-----+
| DDR5 UDIMM | S508G070U |    11   |  1   |  2  |  No |
+------------+-----------+---------+------+-----+-----+

